<?xml version="1.0" encoding="UTF-8"?>
<testng-results skipped="0" failed="0" ignored="0" total="1" passed="1">
  <reporter-output>
  </reporter-output>
  <suite name="Default suite" duration-ms="6836" started-at="2020-07-19T08:07:29Z" finished-at="2020-07-19T08:07:36Z">
    <groups>
    </groups>
    <test name="Default test" duration-ms="6836" started-at="2020-07-19T08:07:29Z" finished-at="2020-07-19T08:07:36Z">
      <class name="tests.rest.TC004_GetIncidents">
        <test-method status="PASS" signature="beforeSuite()[pri:0, instance:tests.rest.TC004_GetIncidents@173813a]" name="beforeSuite" is-config="true" duration-ms="1325" started-at="2020-07-19T08:07:27Z" finished-at="2020-07-19T08:07:29Z">
          <reporter-output>
          </reporter-output>
        </test-method> <!-- beforeSuite -->
        <test-method status="PASS" signature="setValues()[pri:0, instance:tests.rest.TC004_GetIncidents@173813a]" name="setValues" is-config="true" duration-ms="0" started-at="2020-07-19T08:07:29Z" depends-on-methods="lib.rest.PreAndTest.beforeTest" finished-at="2020-07-19T08:07:29Z">
          <reporter-output>
          </reporter-output>
        </test-method> <!-- setValues -->
        <test-method status="PASS" signature="beforeTest()[pri:0, instance:tests.rest.TC004_GetIncidents@173813a]" name="beforeTest" is-config="true" duration-ms="0" started-at="2020-07-19T08:07:29Z" finished-at="2020-07-19T08:07:29Z">
          <reporter-output>
          </reporter-output>
        </test-method> <!-- beforeTest -->
        <test-method status="PASS" signature="beforeClass()[pri:0, instance:tests.rest.TC004_GetIncidents@173813a]" name="beforeClass" is-config="true" duration-ms="2" started-at="2020-07-19T08:07:29Z" finished-at="2020-07-19T08:07:29Z">
          <reporter-output>
          </reporter-output>
        </test-method> <!-- beforeClass -->
        <test-method status="PASS" signature="beforeMethod()[pri:0, instance:tests.rest.TC004_GetIncidents@173813a]" name="beforeMethod" is-config="true" duration-ms="6" started-at="2020-07-19T08:07:29Z" finished-at="2020-07-19T08:07:29Z">
          <reporter-output>
          </reporter-output>
        </test-method> <!-- beforeMethod -->
        <test-method status="PASS" signature="getIncidents()[pri:0, instance:tests.rest.TC004_GetIncidents@173813a]" name="getIncidents" duration-ms="6799" started-at="2020-07-19T08:07:29Z" finished-at="2020-07-19T08:07:36Z">
          <reporter-output>
          </reporter-output>
        </test-method> <!-- getIncidents -->
        <test-method status="PASS" signature="afterMethod()[pri:0, instance:tests.rest.TC004_GetIncidents@173813a]" name="afterMethod" is-config="true" duration-ms="0" started-at="2020-07-19T08:07:36Z" finished-at="2020-07-19T08:07:36Z">
          <reporter-output>
          </reporter-output>
        </test-method> <!-- afterMethod -->
        <test-method status="PASS" signature="afterClass()[pri:0, instance:tests.rest.TC004_GetIncidents@173813a]" name="afterClass" is-config="true" duration-ms="0" started-at="2020-07-19T08:07:36Z" finished-at="2020-07-19T08:07:36Z">
          <reporter-output>
          </reporter-output>
        </test-method> <!-- afterClass -->
        <test-method status="PASS" signature="afterTest()[pri:0, instance:tests.rest.TC004_GetIncidents@173813a]" name="afterTest" is-config="true" duration-ms="0" started-at="2020-07-19T08:07:36Z" finished-at="2020-07-19T08:07:36Z">
          <reporter-output>
          </reporter-output>
        </test-method> <!-- afterTest -->
        <test-method status="PASS" signature="afterSuite()[pri:0, instance:tests.rest.TC004_GetIncidents@173813a]" name="afterSuite" is-config="true" duration-ms="347" started-at="2020-07-19T08:07:36Z" finished-at="2020-07-19T08:07:36Z">
          <reporter-output>
          </reporter-output>
        </test-method> <!-- afterSuite -->
      </class> <!-- tests.rest.TC004_GetIncidents -->
    </test> <!-- Default test -->
  </suite> <!-- Default suite -->
</testng-results>
